24-10-01 20:09:57.507 [cluster-ClusterId{value='66f9154f58a3f75035ac1c34', description='null'}-moviebookingtuhin-shard-00-01.cvr9r.mongodb.net:27017] INFO  org.mongodb.driver.cluster - Exception in monitor thread while connecting to server moviebookingtuhin-shard-00-01.cvr9r.mongodb.net:27017 
com.mongodb.MongoSocketReadTimeoutException: Timeout while receiving message
	at com.mongodb.internal.connection.InternalStreamConnection.translateReadException(InternalStreamConnection.java:630)
	at com.mongodb.internal.connection.InternalStreamConnection.receiveMessageWithAdditionalTimeout(InternalStreamConnection.java:515)
	at com.mongodb.internal.connection.InternalStreamConnection.receiveCommandMessageResponse(InternalStreamConnection.java:355)
	at com.mongodb.internal.connection.InternalStreamConnection.receive(InternalStreamConnection.java:315)
	at com.mongodb.internal.connection.DefaultServerMonitor$ServerMonitorRunnable.lookupServerDescription(DefaultServerMonitor.java:215)
	at com.mongodb.internal.connection.DefaultServerMonitor$ServerMonitorRunnable.run(DefaultServerMonitor.java:144)
	at java.base/java.lang.Thread.run(Thread.java:834)
Caused by: java.net.SocketTimeoutException: Read timed out
	at java.base/java.net.SocketInputStream.socketRead0(Native Method)
	at java.base/java.net.SocketInputStream.socketRead(SocketInputStream.java:115)
	at java.base/java.net.SocketInputStream.read(SocketInputStream.java:168)
	at java.base/java.net.SocketInputStream.read(SocketInputStream.java:140)
	at java.base/sun.security.ssl.SSLSocketInputRecord.read(SSLSocketInputRecord.java:478)
	at java.base/sun.security.ssl.SSLSocketInputRecord.readHeader(SSLSocketInputRecord.java:472)
	at java.base/sun.security.ssl.SSLSocketInputRecord.bytesInCompletePacket(SSLSocketInputRecord.java:70)
	at java.base/sun.security.ssl.SSLSocketImpl.readApplicationRecord(SSLSocketImpl.java:1333)
	at java.base/sun.security.ssl.SSLSocketImpl$AppInputStream.read(SSLSocketImpl.java:976)
	at com.mongodb.internal.connection.SocketStream.read(SocketStream.java:109)
	at com.mongodb.internal.connection.SocketStream.read(SocketStream.java:131)
	at com.mongodb.internal.connection.InternalStreamConnection.receiveResponseBuffers(InternalStreamConnection.java:647)
	at com.mongodb.internal.connection.InternalStreamConnection.receiveMessageWithAdditionalTimeout(InternalStreamConnection.java:512)
	... 5 common frames omitted
24-10-01 20:09:57.507 [cluster-ClusterId{value='66f9154f58a3f75035ac1c34', description='null'}-moviebookingtuhin-shard-00-00.cvr9r.mongodb.net:27017] INFO  org.mongodb.driver.cluster - Exception in monitor thread while connecting to server moviebookingtuhin-shard-00-00.cvr9r.mongodb.net:27017 
com.mongodb.MongoSocketReadTimeoutException: Timeout while receiving message
	at com.mongodb.internal.connection.InternalStreamConnection.translateReadException(InternalStreamConnection.java:630)
	at com.mongodb.internal.connection.InternalStreamConnection.receiveMessageWithAdditionalTimeout(InternalStreamConnection.java:515)
	at com.mongodb.internal.connection.InternalStreamConnection.receiveCommandMessageResponse(InternalStreamConnection.java:355)
	at com.mongodb.internal.connection.InternalStreamConnection.receive(InternalStreamConnection.java:315)
	at com.mongodb.internal.connection.DefaultServerMonitor$ServerMonitorRunnable.lookupServerDescription(DefaultServerMonitor.java:215)
	at com.mongodb.internal.connection.DefaultServerMonitor$ServerMonitorRunnable.run(DefaultServerMonitor.java:144)
	at java.base/java.lang.Thread.run(Thread.java:834)
Caused by: java.net.SocketTimeoutException: Read timed out
	at java.base/java.net.SocketInputStream.socketRead0(Native Method)
	at java.base/java.net.SocketInputStream.socketRead(SocketInputStream.java:115)
	at java.base/java.net.SocketInputStream.read(SocketInputStream.java:168)
	at java.base/java.net.SocketInputStream.read(SocketInputStream.java:140)
	at java.base/sun.security.ssl.SSLSocketInputRecord.read(SSLSocketInputRecord.java:478)
	at java.base/sun.security.ssl.SSLSocketInputRecord.readHeader(SSLSocketInputRecord.java:472)
	at java.base/sun.security.ssl.SSLSocketInputRecord.bytesInCompletePacket(SSLSocketInputRecord.java:70)
	at java.base/sun.security.ssl.SSLSocketImpl.readApplicationRecord(SSLSocketImpl.java:1333)
	at java.base/sun.security.ssl.SSLSocketImpl$AppInputStream.read(SSLSocketImpl.java:976)
	at com.mongodb.internal.connection.SocketStream.read(SocketStream.java:109)
	at com.mongodb.internal.connection.SocketStream.read(SocketStream.java:131)
	at com.mongodb.internal.connection.InternalStreamConnection.receiveResponseBuffers(InternalStreamConnection.java:647)
	at com.mongodb.internal.connection.InternalStreamConnection.receiveMessageWithAdditionalTimeout(InternalStreamConnection.java:512)
	... 5 common frames omitted
24-10-01 20:09:57.507 [cluster-ClusterId{value='66f9154f58a3f75035ac1c34', description='null'}-moviebookingtuhin-shard-00-02.cvr9r.mongodb.net:27017] INFO  org.mongodb.driver.cluster - Exception in monitor thread while connecting to server moviebookingtuhin-shard-00-02.cvr9r.mongodb.net:27017 
com.mongodb.MongoSocketReadTimeoutException: Timeout while receiving message
	at com.mongodb.internal.connection.InternalStreamConnection.translateReadException(InternalStreamConnection.java:630)
	at com.mongodb.internal.connection.InternalStreamConnection.receiveMessageWithAdditionalTimeout(InternalStreamConnection.java:515)
	at com.mongodb.internal.connection.InternalStreamConnection.receiveCommandMessageResponse(InternalStreamConnection.java:355)
	at com.mongodb.internal.connection.InternalStreamConnection.receive(InternalStreamConnection.java:315)
	at com.mongodb.internal.connection.DefaultServerMonitor$ServerMonitorRunnable.lookupServerDescription(DefaultServerMonitor.java:215)
	at com.mongodb.internal.connection.DefaultServerMonitor$ServerMonitorRunnable.run(DefaultServerMonitor.java:144)
	at java.base/java.lang.Thread.run(Thread.java:834)
Caused by: java.net.SocketTimeoutException: Read timed out
	at java.base/java.net.SocketInputStream.socketRead0(Native Method)
	at java.base/java.net.SocketInputStream.socketRead(SocketInputStream.java:115)
	at java.base/java.net.SocketInputStream.read(SocketInputStream.java:168)
	at java.base/java.net.SocketInputStream.read(SocketInputStream.java:140)
	at java.base/sun.security.ssl.SSLSocketInputRecord.read(SSLSocketInputRecord.java:478)
	at java.base/sun.security.ssl.SSLSocketInputRecord.readHeader(SSLSocketInputRecord.java:472)
	at java.base/sun.security.ssl.SSLSocketInputRecord.bytesInCompletePacket(SSLSocketInputRecord.java:70)
	at java.base/sun.security.ssl.SSLSocketImpl.readApplicationRecord(SSLSocketImpl.java:1333)
	at java.base/sun.security.ssl.SSLSocketImpl$AppInputStream.read(SSLSocketImpl.java:976)
	at com.mongodb.internal.connection.SocketStream.read(SocketStream.java:109)
	at com.mongodb.internal.connection.SocketStream.read(SocketStream.java:131)
	at com.mongodb.internal.connection.InternalStreamConnection.receiveResponseBuffers(InternalStreamConnection.java:647)
	at com.mongodb.internal.connection.InternalStreamConnection.receiveMessageWithAdditionalTimeout(InternalStreamConnection.java:512)
	... 5 common frames omitted
24-10-01 20:09:57.627 [cluster-ClusterId{value='66f9154f58a3f75035ac1c34', description='null'}-moviebookingtuhin-shard-00-00.cvr9r.mongodb.net:27017] INFO  org.mongodb.driver.connection - Opened connection [connectionId{localValue:36, serverValue:43872}] to moviebookingtuhin-shard-00-00.cvr9r.mongodb.net:27017 
24-10-01 20:09:57.627 [cluster-ClusterId{value='66f9154f58a3f75035ac1c34', description='null'}-moviebookingtuhin-shard-00-00.cvr9r.mongodb.net:27017] INFO  org.mongodb.driver.cluster - Monitor thread successfully connected to server with description ServerDescription{address=moviebookingtuhin-shard-00-00.cvr9r.mongodb.net:27017, type=REPLICA_SET_SECONDARY, state=CONNECTED, ok=true, minWireVersion=0, maxWireVersion=21, maxDocumentSize=16777216, logicalSessionTimeoutMinutes=30, roundTripTimeNanos=96277900, setName='atlas-my89ew-shard-0', canonicalAddress=moviebookingtuhin-shard-00-00.cvr9r.mongodb.net:27017, hosts=[moviebookingtuhin-shard-00-02.cvr9r.mongodb.net:27017, moviebookingtuhin-shard-00-01.cvr9r.mongodb.net:27017, moviebookingtuhin-shard-00-00.cvr9r.mongodb.net:27017], passives=[], arbiters=[], primary='moviebookingtuhin-shard-00-01.cvr9r.mongodb.net:27017', tagSet=TagSet{[Tag{name='availabilityZone', value='aps1-az1'}, Tag{name='diskState', value='READY'}, Tag{name='nodeType', value='ELECTABLE'}, Tag{name='provider', value='AWS'}, Tag{name='region', value='AP_SOUTH_1'}, Tag{name='workloadType', value='OPERATIONAL'}]}, electionId=null, setVersion=113, topologyVersion=TopologyVersion{processId=66f99227641ef909d103226e, counter=4}, lastWriteDate=Tue Oct 01 14:39:01 IST 2024, lastUpdateTimeNanos=29349838090400} 
24-10-01 20:09:57.754 [cluster-ClusterId{value='66f9154f58a3f75035ac1c34', description='null'}-moviebookingtuhin-shard-00-01.cvr9r.mongodb.net:27017] INFO  org.mongodb.driver.connection - Opened connection [connectionId{localValue:35, serverValue:46872}] to moviebookingtuhin-shard-00-01.cvr9r.mongodb.net:27017 
24-10-01 20:09:57.755 [cluster-ClusterId{value='66f9154f58a3f75035ac1c34', description='null'}-moviebookingtuhin-shard-00-01.cvr9r.mongodb.net:27017] INFO  org.mongodb.driver.cluster - Monitor thread successfully connected to server with description ServerDescription{address=moviebookingtuhin-shard-00-01.cvr9r.mongodb.net:27017, type=REPLICA_SET_PRIMARY, state=CONNECTED, ok=true, minWireVersion=0, maxWireVersion=21, maxDocumentSize=16777216, logicalSessionTimeoutMinutes=30, roundTripTimeNanos=124566800, setName='atlas-my89ew-shard-0', canonicalAddress=moviebookingtuhin-shard-00-01.cvr9r.mongodb.net:27017, hosts=[moviebookingtuhin-shard-00-02.cvr9r.mongodb.net:27017, moviebookingtuhin-shard-00-01.cvr9r.mongodb.net:27017, moviebookingtuhin-shard-00-00.cvr9r.mongodb.net:27017], passives=[], arbiters=[], primary='moviebookingtuhin-shard-00-01.cvr9r.mongodb.net:27017', tagSet=TagSet{[Tag{name='availabilityZone', value='aps1-az3'}, Tag{name='diskState', value='READY'}, Tag{name='nodeType', value='ELECTABLE'}, Tag{name='provider', value='AWS'}, Tag{name='region', value='AP_SOUTH_1'}, Tag{name='workloadType', value='OPERATIONAL'}]}, electionId=7fffffff000000000000006f, setVersion=113, topologyVersion=TopologyVersion{processId=66f9912dd1abf0e1269a794f, counter=6}, lastWriteDate=Tue Oct 01 14:39:01 IST 2024, lastUpdateTimeNanos=29349964652600} 
24-10-01 20:09:57.755 [cluster-ClusterId{value='66f9154f58a3f75035ac1c34', description='null'}-moviebookingtuhin-shard-00-01.cvr9r.mongodb.net:27017] INFO  org.mongodb.driver.cluster - Discovered replica set primary moviebookingtuhin-shard-00-01.cvr9r.mongodb.net:27017 
24-10-01 20:09:58.718 [cluster-ClusterId{value='66f9154f58a3f75035ac1c34', description='null'}-moviebookingtuhin-shard-00-02.cvr9r.mongodb.net:27017] INFO  org.mongodb.driver.connection - Opened connection [connectionId{localValue:37, serverValue:43597}] to moviebookingtuhin-shard-00-02.cvr9r.mongodb.net:27017 
24-10-01 20:09:58.718 [cluster-ClusterId{value='66f9154f58a3f75035ac1c34', description='null'}-moviebookingtuhin-shard-00-02.cvr9r.mongodb.net:27017] INFO  org.mongodb.driver.cluster - Monitor thread successfully connected to server with description ServerDescription{address=moviebookingtuhin-shard-00-02.cvr9r.mongodb.net:27017, type=REPLICA_SET_SECONDARY, state=CONNECTED, ok=true, minWireVersion=0, maxWireVersion=21, maxDocumentSize=16777216, logicalSessionTimeoutMinutes=30, roundTripTimeNanos=103271700, setName='atlas-my89ew-shard-0', canonicalAddress=moviebookingtuhin-shard-00-02.cvr9r.mongodb.net:27017, hosts=[moviebookingtuhin-shard-00-02.cvr9r.mongodb.net:27017, moviebookingtuhin-shard-00-01.cvr9r.mongodb.net:27017, moviebookingtuhin-shard-00-00.cvr9r.mongodb.net:27017], passives=[], arbiters=[], primary='moviebookingtuhin-shard-00-01.cvr9r.mongodb.net:27017', tagSet=TagSet{[Tag{name='availabilityZone', value='aps1-az2'}, Tag{name='diskState', value='READY'}, Tag{name='nodeType', value='ELECTABLE'}, Tag{name='provider', value='AWS'}, Tag{name='region', value='AP_SOUTH_1'}, Tag{name='workloadType', value='OPERATIONAL'}]}, electionId=null, setVersion=113, topologyVersion=TopologyVersion{processId=66f9936444f38a6e14cf59e7, counter=3}, lastWriteDate=Tue Oct 01 14:39:02 IST 2024, lastUpdateTimeNanos=29350928890400} 
24-10-01 20:10:16.870 [cluster-rtt-ClusterId{value='66f9154f58a3f75035ac1c34', description='null'}-moviebookingtuhin-shard-00-00.cvr9r.mongodb.net:27017] INFO  org.mongodb.driver.connection - Opened connection [connectionId{localValue:38, serverValue:43881}] to moviebookingtuhin-shard-00-00.cvr9r.mongodb.net:27017 
24-10-01 20:10:16.919 [cluster-rtt-ClusterId{value='66f9154f58a3f75035ac1c34', description='null'}-moviebookingtuhin-shard-00-01.cvr9r.mongodb.net:27017] INFO  org.mongodb.driver.connection - Opened connection [connectionId{localValue:39, serverValue:47550}] to moviebookingtuhin-shard-00-01.cvr9r.mongodb.net:27017 
24-10-01 20:10:16.961 [cluster-rtt-ClusterId{value='66f9154f58a3f75035ac1c34', description='null'}-moviebookingtuhin-shard-00-02.cvr9r.mongodb.net:27017] INFO  org.mongodb.driver.connection - Opened connection [connectionId{localValue:40, serverValue:43603}] to moviebookingtuhin-shard-00-02.cvr9r.mongodb.net:27017 
